* This is the StructMobWeight report file that is output every time the server starts.
* 
* Spawn Balance Utility (SBU) will use this file ONLY if it is renamed to StructMobWeight.csv.
* Lines starting with '*' are comments and ignored
* It allows you to add and remove mobs and adjust their spawnweights for Structures
* like shipwrecks, nether fortresses, water monuments, etc.
* 
1, cataclysm:abandoned_spire, HEADING, header:ignore, 0, 0, 0
2, cataclysm:abandoned_temple, HEADING, header:ignore, 0, 0, 0
3, cataclysm:abandoned_village, HEADING, header:ignore, 0, 0, 0
4, cataclysm:acropolis, HEADING, header:ignore, 0, 0, 0
5, cataclysm:amethyst_nest, HEADING, header:ignore, 0, 0, 0
6, cataclysm:amethyst_nest, MONSTER, cataclysm:amethyst_crab, 10, 1, 1
7, minecraft:ancient_city, HEADING, header:ignore, 0, 0, 0
8, cataclysm:ancient_factory, HEADING, header:ignore, 0, 0, 0
9, terramity:ancient_outcrop, HEADING, header:ignore, 0, 0, 0
10, atmospheric:arid_garden, HEADING, header:ignore, 0, 0, 0
11, twilightforest:aurora_palace, HEADING, header:ignore, 0, 0, 0
12, hexerei:baba_yaga_hut, HEADING, header:ignore, 0, 0, 0
13, minecraft:bastion_remnant, HEADING, header:ignore, 0, 0, 0
14, tconstruct:blood_island, HEADING, header:ignore, 0, 0, 0
15, tconstruct:blood_island, MONSTER, minecraft:magma_cube, 10, 4, 6
16, minecraft:buried_treasure, HEADING, header:ignore, 0, 0, 0
17, cataclysm:burning_arena, HEADING, header:ignore, 0, 0, 0
18, terramity:chthonian_breach, HEADING, header:ignore, 0, 0, 0
19, terramity:chthonic_cathedral, HEADING, header:ignore, 0, 0, 0
20, terramity:chthonic_dungeon, HEADING, header:ignore, 0, 0, 0
21, tconstruct:clay_island, HEADING, header:ignore, 0, 0, 0
22, tconstruct:clay_island, MONSTER, tconstruct:terracube, 10, 2, 4
23, terramity:court_of_gnomes, HEADING, header:ignore, 0, 0, 0
24, cataclysm:cursed_pyramid, HEADING, header:ignore, 0, 0, 0
25, hexerei:dark_coven, HEADING, header:ignore, 0, 0, 0
26, twilightforest:dark_tower, HEADING, header:ignore, 0, 0, 0
27, cataclysm:desert_occupied_village, HEADING, header:ignore, 0, 0, 0
28, cataclysm:desert_occupied_village, MONSTER, cataclysm:koboleton, 10, 1, 1
29, minecraft:desert_pyramid, HEADING, header:ignore, 0, 0, 0
30, cataclysm:desert_site, HEADING, header:ignore, 0, 0, 0
31, cataclysm:desert_site, MONSTER, cataclysm:koboleton, 10, 1, 1
32, tconstruct:earth_slime_island, HEADING, header:ignore, 0, 0, 0
33, tconstruct:earth_slime_island, MONSTER, minecraft:slime, 10, 4, 4
34, minecraft:end_city, HEADING, header:ignore, 0, 0, 0
35, tconstruct:end_slime_island, HEADING, header:ignore, 0, 0, 0
36, tconstruct:end_slime_island, MONSTER, tconstruct:ender_slime, 10, 4, 4
37, terramity:fairy_fountain, HEADING, header:ignore, 0, 0, 0
38, twilightforest:final_castle, HEADING, header:ignore, 0, 0, 0
39, terramity:fire_lookout_tower, HEADING, header:ignore, 0, 0, 0
40, minecraft:fortress, HEADING, header:ignore, 0, 0, 0
41, minecraft:fortress, MONSTER, minecraft:blaze, 10, 2, 3
42, minecraft:fortress, MONSTER, minecraft:zombified_piglin, 10, 4, 4
43, minecraft:fortress, MONSTER, minecraft:wither_skeleton, 10, 5, 5
44, minecraft:fortress, MONSTER, minecraft:skeleton, 10, 5, 5
45, minecraft:fortress, MONSTER, minecraft:magma_cube, 10, 4, 4
46, minecraft:fortress, MONSTER, cataclysm:ignited_berserker, 10, 1, 1
47, cataclysm:frosted_prison, HEADING, header:ignore, 0, 0, 0
48, mowziesmobs:frostmaw_spawn, HEADING, header:ignore, 0, 0, 0
49, ars_nouveau:guardian_wilden_den, HEADING, header:ignore, 0, 0, 0
50, ars_nouveau:guardian_wilden_den, MONSTER, ars_nouveau:wilden_guardian, 10, 1, 3
51, twilightforest:hedge_maze, HEADING, header:ignore, 0, 0, 0
52, ars_nouveau:hunter_wilden_den, HEADING, header:ignore, 0, 0, 0
53, ars_nouveau:hunter_wilden_den, MONSTER, ars_nouveau:wilden_hunter, 10, 3, 3
54, twilightforest:hydra_lair, HEADING, header:ignore, 0, 0, 0
55, minecraft:igloo, HEADING, header:ignore, 0, 0, 0
56, terramity:infested_laboratory, HEADING, header:ignore, 0, 0, 0
57, terrafoundation:infy_ice_spike, HEADING, header:ignore, 0, 0, 0
58, minecraft:jungle_pyramid, HEADING, header:ignore, 0, 0, 0
59, twilightforest:knight_stronghold, HEADING, header:ignore, 0, 0, 0
60, atmospheric:kousa_sanctum, HEADING, header:ignore, 0, 0, 0
61, terra_ad_astra_compat:kristens_sarcophagus, HEADING, header:ignore, 0, 0, 0
62, twilightforest:labyrinth, HEADING, header:ignore, 0, 0, 0
63, twilightforest:large_hollow_hill, HEADING, header:ignore, 0, 0, 0
64, twilightforest:lich_tower, HEADING, header:ignore, 0, 0, 0
65, environmental:log_cabin, HEADING, header:ignore, 0, 0, 0
66, ad_astra:lunar_tower, HEADING, header:ignore, 0, 0, 0
67, ad_astra:lunarian_village, HEADING, header:ignore, 0, 0, 0
68, minecraft:mansion, HEADING, header:ignore, 0, 0, 0
69, autumnity:maple_hut, HEADING, header:ignore, 0, 0, 0
70, autumnity:maple_hut, MONSTER, minecraft:witch, 10, 1, 1
71, autumnity:maple_hut, CREATURE, minecraft:cat, 10, 1, 1
72, ad_astra:mars_temple, HEADING, header:ignore, 0, 0, 0
73, terramity:mausoleum, HEADING, header:ignore, 0, 0, 0
74, twilightforest:medium_hollow_hill, HEADING, header:ignore, 0, 0, 0
75, ae2:meteorite, HEADING, header:ignore, 0, 0, 0
76, minecraft:mineshaft, HEADING, header:ignore, 0, 0, 0
77, minecraft:mineshaft_mesa, HEADING, header:ignore, 0, 0, 0
78, mowziesmobs:monastery, HEADING, header:ignore, 0, 0, 0
79, mowziesmobs:monastery, MONSTER, mowziesmobs:bluff, 80, 1, 2
80, minecraft:monument, HEADING, header:ignore, 0, 0, 0
81, minecraft:monument, MONSTER, minecraft:guardian, 10, 2, 4
82, ad_astra:moon_dungeon, HEADING, header:ignore, 0, 0, 0
83, terramity:mudhut, HEADING, header:ignore, 0, 0, 0
84, twilightforest:mushroom_tower, HEADING, header:ignore, 0, 0, 0
85, twilightforest:naga_courtyard, HEADING, header:ignore, 0, 0, 0
86, hexerei:nature_coven, HEADING, header:ignore, 0, 0, 0
87, minecraft:nether_fossil, HEADING, header:ignore, 0, 0, 0
88, minecraft:ocean_ruin_cold, HEADING, header:ignore, 0, 0, 0
89, minecraft:ocean_ruin_warm, HEADING, header:ignore, 0, 0, 0
90, tconstruct:ocean_skyslime_island, HEADING, header:ignore, 0, 0, 0
91, tconstruct:ocean_skyslime_island, MONSTER, tconstruct:sky_slime, 10, 3, 4
92, ad_astra:oil_well, HEADING, header:ignore, 0, 0, 0
93, aquamirae:outpost, HEADING, header:ignore, 0, 0, 0
94, aquamirae:outpost, MONSTER, minecraft:pillager, 10, 1, 2
95, aquamirae:outpost, MONSTER, minecraft:vindicator, 10, 1, 1
96, terramity:overgrown_facility, HEADING, header:ignore, 0, 0, 0
97, hexerei:owl_post_office, HEADING, header:ignore, 0, 0, 0
98, minecraft:pillager_outpost, HEADING, header:ignore, 0, 0, 0
99, minecraft:pillager_outpost, MONSTER, minecraft:pillager, 10, 1, 1
100, terramity:prismatic_pond, HEADING, header:ignore, 0, 0, 0
101, ad_astra:pygro_tower, HEADING, header:ignore, 0, 0, 0
102, ad_astra:pygro_village, HEADING, header:ignore, 0, 0, 0
103, twilightforest:quest_grove, HEADING, header:ignore, 0, 0, 0
104, cataclysm:ruined_citadel, HEADING, header:ignore, 0, 0, 0
105, cataclysm:ruined_citadel, MONSTER, cataclysm:endermaptera, 10, 1, 1
106, minecraft:ruined_portal, HEADING, header:ignore, 0, 0, 0
107, minecraft:ruined_portal_desert, HEADING, header:ignore, 0, 0, 0
108, minecraft:ruined_portal_jungle, HEADING, header:ignore, 0, 0, 0
109, minecraft:ruined_portal_mountain, HEADING, header:ignore, 0, 0, 0
110, minecraft:ruined_portal_nether, HEADING, header:ignore, 0, 0, 0
111, minecraft:ruined_portal_ocean, HEADING, header:ignore, 0, 0, 0
112, minecraft:ruined_portal_swamp, HEADING, header:ignore, 0, 0, 0
113, aquamirae:shelter, HEADING, header:ignore, 0, 0, 0
114, aquamirae:ship, HEADING, header:ignore, 0, 0, 0
115, aquamirae:ship, MONSTER, minecraft:pillager, 10, 1, 2
116, aquamirae:ship, MONSTER, minecraft:vindicator, 10, 1, 1
117, minecraft:shipwreck, HEADING, header:ignore, 0, 0, 0
118, minecraft:shipwreck_beached, HEADING, header:ignore, 0, 0, 0
119, tconstruct:sky_slime_island, HEADING, header:ignore, 0, 0, 0
120, tconstruct:sky_slime_island, MONSTER, tconstruct:sky_slime, 10, 3, 4
121, twilightforest:small_hollow_hill, HEADING, header:ignore, 0, 0, 0
122, terramity:snow_fort, HEADING, header:ignore, 0, 0, 0
123, cataclysm:soul_black_smith, HEADING, header:ignore, 0, 0, 0
124, ars_nouveau:stalker_wilden_den, HEADING, header:ignore, 0, 0, 0
125, ars_nouveau:stalker_wilden_den, MONSTER, ars_nouveau:wilden_stalker, 10, 3, 3
126, minecraft:stronghold, HEADING, header:ignore, 0, 0, 0
127, terramity:subterranean_shrine, HEADING, header:ignore, 0, 0, 0
128, cataclysm:sunken_city, HEADING, header:ignore, 0, 0, 0
129, aquamirae:surface/arch, HEADING, header:ignore, 0, 0, 0
130, aquamirae:surface/arch, AMBIENT, aquamirae:golden_moth, 10, 1, 2
131, aquamirae:surface/spiral, HEADING, header:ignore, 0, 0, 0
132, terramity:suspicious_shrine, HEADING, header:ignore, 0, 0, 0
133, minecraft:swamp_hut, HEADING, header:ignore, 0, 0, 0
134, minecraft:swamp_hut, MONSTER, minecraft:witch, 10, 1, 1
135, minecraft:swamp_hut, CREATURE, minecraft:cat, 10, 1, 1
136, terramity:sword_shrine, HEADING, header:ignore, 0, 0, 0
137, apotheosis:tower_leaf, HEADING, header:ignore, 0, 0, 0
138, apotheosis:tower_main, HEADING, header:ignore, 0, 0, 0
139, apotheosis:tower_sand, HEADING, header:ignore, 0, 0, 0
140, apotheosis:tower_spruce, HEADING, header:ignore, 0, 0, 0
141, minecraft:trail_ruins, HEADING, header:ignore, 0, 0, 0
142, terramity:trial_spire, HEADING, header:ignore, 0, 0, 0
143, twilightforest:troll_cave, HEADING, header:ignore, 0, 0, 0
144, mowziesmobs:umvuthana_grove, HEADING, header:ignore, 0, 0, 0
145, ad_astra:venus_bullet, HEADING, header:ignore, 0, 0, 0
146, minecraft:village_desert, HEADING, header:ignore, 0, 0, 0
147, minecraft:village_plains, HEADING, header:ignore, 0, 0, 0
148, minecraft:village_savanna, HEADING, header:ignore, 0, 0, 0
149, atmospheric:village_scrubland, HEADING, header:ignore, 0, 0, 0
150, minecraft:village_snowy, HEADING, header:ignore, 0, 0, 0
151, minecraft:village_taiga, HEADING, header:ignore, 0, 0, 0
152, malum:weeping_well, HEADING, header:ignore, 0, 0, 0
153, hexerei:witch_hut, HEADING, header:ignore, 0, 0, 0
154, mowziesmobs:wrought_chamber, HEADING, header:ignore, 0, 0, 0
155, twilightforest:yeti_cave, HEADING, header:ignore, 0, 0, 0
